\BOOKMARK [1][-]{section.1}{\376\377\000.\000\040\000I\000n\000t\000r\000o\000d\000u\000c\000t\000i\000o\000n}{}% 1
\BOOKMARK [1][-]{section.2}{\376\377\000.\000\040\000B\000a\000c\000k\000b\000o\000n\000e\000\040\000m\000o\000d\000e\000l\000s}{}% 2
\BOOKMARK [2][-]{subsection.2.1}{\376\377\000.\000\040\000R\000e\000s\000N\000e\000t}{section.2}% 3
\BOOKMARK [1][-]{section.3}{\376\377\000.\000\040\000E\000x\000e\000r\000c\000i\000s\000e\000s}{}% 4
\BOOKMARK [2][-]{subsection.3.1}{\376\377\000.\000\040\000R\000e\000a\000d\000/\000W\000r\000i\000t\000e\000\040\000I\000m\000a\000g\000e\000s}{section.3}% 5
\BOOKMARK [3][-]{subsubsection.3.1.1}{\376\377\000P\000r\000o\000b\000l\000e\000m}{subsection.3.1}% 6
\BOOKMARK [3][-]{subsubsection.3.1.2}{\376\377\000S\000o\000l\000u\000t\000i\000o\000n}{subsection.3.1}% 7
\BOOKMARK [2][-]{subsection.3.2}{\376\377\000.\000\040\000F\000i\000n\000d\000\040\000C\000h\000e\000s\000t\000\040\000X\000R\000a\000y\000\050\000s\000\051\000\040\000O\000r\000i\000e\000n\000t\000a\000t\000i\000o\000n}{section.3}% 8
\BOOKMARK [3][-]{subsubsection.3.2.1}{\376\377\000D\000a\000t\000a\000s\000e\000t}{subsection.3.2}% 9
\BOOKMARK [3][-]{subsubsection.3.2.2}{\376\377\000M\000o\000d\000e\000l\000\040\000U\000s\000e\000d}{subsection.3.2}% 10
\BOOKMARK [3][-]{subsubsection.3.2.3}{\376\377\000T\000r\000a\000i\000n\000i\000n\000g}{subsection.3.2}% 11
\BOOKMARK [3][-]{subsubsection.3.2.4}{\376\377\000R\000e\000s\000u\000l\000t\000s}{subsection.3.2}% 12
\BOOKMARK [2][-]{subsection.3.3}{\376\377\000.\000\040\000F\000i\000n\000d\000\040\000p\000a\000t\000i\000e\000n\000t\000\040\000g\000e\000n\000d\000e\000r\000\040\000f\000r\000o\000m\000\040\000X\000R\000a\000y\000\050\000s\000\051}{section.3}% 13
\BOOKMARK [3][-]{subsubsection.3.3.1}{\376\377\000D\000a\000t\000a\000s\000e\000t}{subsection.3.3}% 14
\BOOKMARK [3][-]{subsubsection.3.3.2}{\376\377\000T\000r\000a\000i\000n\000i\000n\000g}{subsection.3.3}% 15
\BOOKMARK [3][-]{subsubsection.3.3.3}{\376\377\000R\000e\000s\000u\000l\000t\000s}{subsection.3.3}% 16
\BOOKMARK [2][-]{subsection.3.4}{\376\377\000.\000\040\000F\000i\000n\000d\000\040\000p\000a\000t\000i\000e\000n\000t\000\040\000a\000g\000e\000\040\000f\000r\000o\000m\000\040\000X\000R\000a\000y}{section.3}% 17
\BOOKMARK [3][-]{subsubsection.3.4.1}{\376\377\000D\000a\000t\000a\000s\000e\000t}{subsection.3.4}% 18
\BOOKMARK [3][-]{subsubsection.3.4.2}{\376\377\000T\000r\000a\000i\000n\000i\000n\000g}{subsection.3.4}% 19
\BOOKMARK [3][-]{subsubsection.3.4.3}{\376\377\000R\000e\000s\000u\000l\000t\000s}{subsection.3.4}% 20
\BOOKMARK [2][-]{subsection.3.5}{\376\377\000.\000\040\000S\000e\000g\000m\000e\000n\000t\000\040\000l\000u\000n\000g\000s\000\040\000i\000n\000\040\000X\000R\000a\000y\000\050\000s\000\051}{section.3}% 21
\BOOKMARK [3][-]{subsubsection.3.5.1}{\376\377\000D\000a\000t\000a\000s\000e\000t}{subsection.3.5}% 22
\BOOKMARK [3][-]{subsubsection.3.5.2}{\376\377\000T\000r\000a\000i\000n\000i\000n\000g}{subsection.3.5}% 23
\BOOKMARK [3][-]{subsubsection.3.5.3}{\376\377\000R\000e\000s\000u\000l\000t\000s}{subsection.3.5}% 24
\BOOKMARK [2][-]{subsection.3.6}{\376\377\000.\000\040\000S\000e\000g\000m\000e\000n\000t\000\040\000c\000h\000e\000s\000t\000\040\000X\000R\000a\000y\000\050\000s\000\051\000\040\000i\000n\000t\000o\000\040\000m\000u\000l\000t\000i\000p\000l\000e\000\040\000c\000l\000a\000s\000s\000e\000s}{section.3}% 25
\BOOKMARK [3][-]{subsubsection.3.6.1}{\376\377\000D\000a\000t\000a\000s\000e\000t}{subsection.3.6}% 26
\BOOKMARK [3][-]{subsubsection.3.6.2}{\376\377\000T\000r\000a\000i\000n\000i\000n\000g}{subsection.3.6}% 27
\BOOKMARK [3][-]{subsubsection.3.6.3}{\376\377\000R\000e\000s\000u\000l\000t}{subsection.3.6}% 28
\BOOKMARK [2][-]{subsection.3.7}{\376\377\000.\000\040\000L\000o\000c\000a\000t\000i\000n\000g\000\040\000l\000u\000n\000g\000s\000\040\000a\000n\000d\000\040\000h\000e\000a\000r\000t\000\040\000i\000n\000\040\000C\000h\000e\000s\000t\000\040\000X\000R\000a\000y\000s}{section.3}% 29
\BOOKMARK [3][-]{subsubsection.3.7.1}{\376\377\000D\000a\000t\000a\000s\000e\000t}{subsection.3.7}%